<?xml version="1.0" encoding="UTF-8"?>
<!-- Generated by org.testng.reporters.JUnitReportReporter -->
<testsuite hostname="DESKTOP-MKL1DO7" failures="0" tests="2" name="sample.firsttc" time="0.018" errors="0" timestamp="2022-11-11T09:46:58 EST" skipped="0">
  <testcase classname="sample.firsttc" name="aFastTest" time="0.016"/>
  <system-out/>
  <testcase classname="sample.firsttc" name="aSlowTest" time="0.002"/>
  <system-out/>
</testsuite> <!-- sample.firsttc -->
