<?xml version="1.0" encoding="UTF-8"?>
<!-- Generated by org.testng.reporters.JUnitReportReporter -->
<testsuite hostname="DESKTOP-MKL1DO7" failures="0" tests="2" name="sample.secondtc" time="0.005" errors="0" timestamp="2022-11-11T09:46:58 EST" skipped="0">
  <testcase classname="sample.secondtc" name="aSlowTest" time="0.002"/>
  <system-out/>
  <testcase classname="sample.secondtc" name="aFastTest" time="0.003"/>
  <system-out/>
</testsuite> <!-- sample.secondtc -->
